Added Parameter Part Number= to Part VD?
Added Parameter Part Number= to Part VD?
Added Parameter Part Number= to Part VT?
Added Parameter Part Number= to Implementation PCBLIB 2“215¿9
Added Parameter Part Number= to Part VT?
Added Parameter Part Number= to Implementation PCBLIB 2“215¿9
Added Parameter Part Number= to Part VT?
Added Parameter Part Number= to Part VT?
Added Parameter Part Number= to Implementation PCBLIB 2“3117¿
Added Parameter Part Number= to Part VD?
Added Parameter Part Number= to Part VT?
Added Parameter Part Number= to Implementation PCBLIB TO220
Added Parameter Part Number= to Part VT?
Added Parameter Part Number= to Implementation PCBLIB TO220
Added Parameter Part Number= to Part HL?
Added Parameter Part Number= to Part DA?
Added Parameter Part Number= to Implementation PCBLIB 78LXX
Added Parameter Part Number= to Part DA?
Added Parameter Part Number= to Implementation PCBLIB 79LXX
Added Parameter Part Number= to Part DA?
Added Parameter Part Number= to Implementation PCBLIB 201.14-10
Added Parameter Part Number= to Implementation PCBLIB 2101.8-7
Added Parameter Part Number= to Part DA?
Added Parameter Part Number= to Part DA?
Added Parameter Part Number= to Implementation PCBLIB 2101.8-7
Added Parameter Part Number= to Part DA?
Added Parameter Part Number= to Implementation PCBLIB 5140.8-¿Õ3
Added Parameter Part Number= to Part DA?
Added Parameter Part Number= to Part DA?
Added Parameter Part Number= to Part DA?
Added Parameter Part Number= to Implementation PCBLIB 402.16-23.01
Added Parameter Part Number= to Part DD?
Added Parameter Part Number= to Part DD?
Added Parameter Part Number= to Implementation PCBLIB 2102.14-2
Added Parameter Part Number= to Part DD?
Added Parameter Part Number= to Implementation PCBLIB 402.16-23.01
Added Parameter Part Number= to Part DA?
Added Parameter Part Number= to Part DA?
Added Parameter Part Number= to Part DA?
Added Parameter Part Number= to Part U?
Added Parameter Part Number= to Implementation PCBLIB 402.16-23.01
Added Parameter Part Number= to Part DD?
Added Parameter Part Number= to Part DD?
Added Parameter Part Number= to Part DD?
Added Parameter Part Number= to Implementation PCBLIB 4153.20-6
Added Parameter Part Number= to Part DD?
Added Parameter Part Number= to Part DD?
Added Parameter Part Number= to Part DD?
Added Parameter Part Number= to Implementation PCBLIB DIP14-RUS
Added Parameter Part Number= to Part DD?
Added Parameter Part Number= to Part DD?
Added Parameter Part Number= to Implementation PCBLIB 401.14-5
Added Parameter Part Number= to Part DD?
Added Parameter Part Number= to Part DD?
Added Parameter Part Number= to Implementation PCBLIB 4229.132-3
Added Parameter Part Number= to Part DD?
Added Parameter Part Number= to Part DD?
Added Parameter Part Number= to Part DD?
Added Parameter Part Number= to Part DD?
Added Parameter Part Number= to Part DD?
Added Parameter Part Number= to Part DD?
Added Parameter Part Number= to Part G?
Added Parameter Part Number= to Part G?
Added Parameter Part Number= to Part DD?
Added Parameter Part Number= to Part DD?
Added Parameter Part Number= to Implementation PCBLIB RM-10
Added Parameter Part Number= to Part DD?
Added Parameter Part Number= to Implementation PCBLIB RT-6
Added Parameter Part Number= to Implementation PCBLIB AD7794BRU
Added Parameter Part Number= to Part DD?
Added Parameter Part Number= to Implementation PCBLIB AD7794BRU
Added Parameter Part Number= to Part DD?
Added Parameter Part Number= to Implementation PCBLIB DIP16
Added Parameter Part Number= to Part DD?
Added Parameter Part Number= to Part DD?
Added Parameter Part Number= to Part DD?
Added Parameter Part Number= to Part DD?
Added Parameter Part Number= to Part DD?
Added Parameter Part Number= to Implementation PCBLIB SOIC-RW16
Added Parameter Part Number= to Part DD?
Added Parameter Part Number= to Part DD?
Added Parameter Part Number= to Part DD?
Added Parameter Part Number= to Implementation PCBLIB SOIC-RW16
Added Parameter Part Number= to Part DD?
Added Parameter Part Number= to Implementation PCBLIB SOIC-RW16
Added Parameter Part Number= to Part A?
Added Parameter Part Number= to Part A?
Added Parameter Part Number= to Part A?
Added Parameter Part Number= to Part DD?
Added Parameter Part Number= to Implementation PCBLIB DIP40
Added Parameter Part Number= to Part DD?
Added Parameter Part Number= to Part DD?
Added Parameter Part Number= to Implementation PCBLIB TQFP-64
Added Parameter Part Number= to Part DD?
Added Parameter Part Number= to Part DD?
Added Parameter Part Number= to Implementation PCBLIB DIP40
Added Parameter Part Number= to Part DD?
Added Parameter Part Number= to Implementation PCBLIB DIP40
Added Parameter Part Number= to Part DD?
Added Parameter Part Number= to Part DD?
Added Parameter Part Number= to Implementation PCBLIB B82477R4
Added Parameter Part Number= to Part L?
Added Parameter Part Number= to Part XP?
Added Parameter Part Number= to Implementation PCBLIB C2-23-0.25
Added Parameter Part Number= to Part R?
Added Parameter Part Number= to Implementation PCBLIB C0603
Added Parameter Part Number= to Part C?
Added Parameter Part Number= to Implementation PCBLIB C0805
Added Parameter Part Number= to Part C?
Added Parameter Part Number= to Part C?
Added Parameter Part Number= to Implementation PCBLIB C1206
Added Parameter Part Number= to Part C?
Added Parameter Part Number= to Implementation PCBLIB C1210
Added Parameter Part Number= to Part C?
Added Parameter Part Number= to Part C?
Added Parameter Part Number= to Part C?
Added Parameter Part Number= to Part DD?
Added Parameter Part Number= to Implementation PCBLIB DKD
Added Parameter Part Number= to Part A?
Added Parameter Part Number= to Part DD?
Added Parameter Part Number= to Part DD?
Added Parameter Part Number= to Part DD?
Added Parameter Part Number= to Part A?
Added Parameter Part Number= to Part A?
Added Parameter Part Number= to Part DD?
Added Parameter Part Number= to Implementation PCBLIB TSSOP28_W7.8
Added Parameter Part Number= to Part F?
Added Parameter Part Number= to Part DD?
Added Parameter Part Number= to Part PWR?
Added Parameter Part Number= to Implementation PCBLIB HC-49S
Added Parameter Part Number= to Part ZQ?
Added Parameter Part Number= to Part DD?
Added Parameter Part Number= to Part DA?
Added Parameter Part Number= to Part DA?
Added Parameter Part Number= to Part DA?
Added Parameter Part Number= to Part DD?
Added Parameter Part Number= to Part U?
Added Parameter Part Number= to Part ?
Added Parameter Part Number= to Implementation PCBLIB IRS-202-3C3
Added Parameter Part Number= to Part C?
Added Parameter Part Number= to Part HL?
Added Parameter Part Number= to Part L?
Added Parameter Part Number= to Implementation PCBLIB L1210
Added Parameter Part Number= to Part DD?
Added Parameter Part Number= to Implementation PCBLIB L6206D
Added Parameter Part Number= to Part DD?
Added Parameter Part Number= to Implementation PCBLIB L6206D
Added Parameter Part Number= to Part DD?
Added Parameter Part Number= to Part L?
Added Parameter Part Number= to Implementation PCBLIB L D12MM
Added Parameter Part Number= to Part DA?
Added Parameter Part Number= to Part A?
Added Parameter Part Number= to Part HL?
Added Parameter Part Number= to Implementation PCBLIB 0805
Added Parameter Part Number= to Part L?
Added Parameter Part Number= to Part DA?
Added Parameter Part Number= to Implementation PCBLIB LM2679T
Added Parameter Part Number= to Part DA?
Added Parameter Part Number= to Implementation PCBLIB LM2679T
Added Parameter Part Number= to Part ?
Added Parameter Part Number= to Implementation PCBLIB M4
Added Parameter Part Number= to Part G?
Added Parameter Part Number= to Part DD?
Added Parameter Part Number= to Implementation PCBLIB MMUSB232
Added Parameter Part Number= to Part DD?
Added Parameter Part Number= to Part DD?
Added Parameter Part Number= to Implementation PCBLIB MMWIZNET5300
Added Parameter Part Number= to Part U?
Added Parameter Part Number= to Part VT?
Added Parameter Part Number= to Part VT?
Added Parameter Part Number= to Part DA?
Added Parameter Part Number= to Library 
Added Parameter Part Number= to Part VT?
Added Parameter Part Number= to Part VT?
Added Parameter Part Number= to Part DA?
Added Parameter Part Number= to Implementation PCBLIB PVN012
Added Parameter Part Number= to Part DA?
Added Parameter Part Number= to Implementation PCBLIB PVN012S
Added Parameter Part Number= to Part PWR?
Added Parameter Part Number= to Part PWR?
Added Parameter Part Number= to Part PWR?
Added Parameter Part Number= to Part PWR?
Added Parameter Part Number= to Part U?
Added Parameter Part Number= to Part PWR?
Added Parameter Part Number= to Part PWR?
Added Parameter Part Number= to Part PWR?
Added Parameter Part Number= to Part PWR?
Added Parameter Part Number= to Part PWR?
Added Parameter Part Number= to Part PWR?
Added Parameter Part Number= to Part PWR?
Added Parameter Part Number= to Part PWR?
Added Parameter Part Number= to Part PWR?
Added Parameter Part Number= to Part PWR?
Added Parameter Part Number= to Part PWR?
Added Parameter Part Number= to Part PWR?
Added Parameter Part Number= to Part R?
Added Parameter Part Number= to Implementation PCBLIB 0805
Added Parameter Part Number= to Part R?
Added Parameter Part Number= to Part RK?
Added Parameter Part Number= to Part RK?
Added Parameter Part Number= to Part RR?
Added Parameter Part Number= to Part RR?
Added Parameter Part Number= to Part RU?
Added Parameter Part Number= to Part SA?
Added Parameter Part Number= to Part SA?
Added Parameter Part Number= to Part SA?
Added Parameter Part Number= to Part SA?
Added Parameter Part Number= to Part SA?
Added Parameter Part Number= to Part HA?
Added Parameter Part Number= to Implementation PCBLIB SMA24-10
Added Parameter Part Number= to Part VD?
Added Parameter Part Number= to Implementation PCBLIB SR360
Added Parameter Part Number= to Part G?
Added Parameter Part Number= to Part G?
Added Parameter Part Number= to Part G?
Added Parameter Part Number= to Part VD?
Added Parameter Part Number= to Part VD?
Added Parameter Part Number= to Part VD?
Added Parameter Part Number= to Part HL?
Added Parameter Part Number= to Implementation PCBLIB ¿À307
Added Parameter Part Number= to Part DA?
Added Parameter Part Number= to Implementation PCBLIB 2101.6-1
Added Parameter Part Number= to Part A?
Added Parameter Part Number= to Part M?
Added Parameter Part Number= to Part C?
Added Parameter Part Number= to Implementation PCBLIB  10-17
Added Parameter Part Number= to Part C?
Added Parameter Part Number= to Implementation PCBLIB  10-79-1,6ı0,8
Added Parameter Part Number= to Part C?
Added Parameter Part Number= to Implementation PCBLIB  10-79-3,2’1,6
Added Parameter Part Number= to Part C?
Added Parameter Part Number= to Implementation PCBLIB  10-79-4.5X3.2
Added Parameter Part Number= to Part C?
Added Parameter Part Number= to Implementation PCBLIB  10-79-5.7X5.0
Added Parameter Part Number= to Part C?
Added Parameter Part Number= to Implementation PCBLIB  10-79-1.6X0.8
Added Parameter Part Number= to Part C?
Added Parameter Part Number= to Implementation PCBLIB  10-79-3,2’1,6
Added Parameter Part Number= to Part C?
Added Parameter Part Number= to Part C?
Added Parameter Part Number= to Implementation PCBLIB  50-35 D5MM
Added Parameter Part Number= to Part C?
Added Parameter Part Number= to Implementation PCBLIB  50-35 D8MM
Added Parameter Part Number= to Part C?
Added Parameter Part Number= to Implementation PCBLIB  50-35 D10MM
Added Parameter Part Number= to Part C?
Added Parameter Part Number= to Implementation PCBLIB  50-35 D12MM
Added Parameter Part Number= to Part C?
Added Parameter Part Number= to Implementation PCBLIB  50-35
Added Parameter Part Number= to Part C?
Added Parameter Part Number= to Part C?
Added Parameter Part Number= to Part C?
Added Parameter Part Number= to Part C?
Added Parameter Part Number= to Part C?
Added Parameter Part Number= to Part C?
Added Parameter Part Number= to Part C?
Added Parameter Part Number= to Implementation PCBLIB  53-68-B
Added Parameter Part Number= to Part C?
Added Parameter Part Number= to Part C?
Added Parameter Part Number= to Part DA?
Added Parameter Part Number= to Part DD?
Added Parameter Part Number= to Implementation PCBLIB 238.16-1
Added Parameter Part Number= to Part DA?
Added Parameter Part Number= to Implementation PCBLIB 201.14-10
Added Parameter Part Number= to Part VD?
Added Parameter Part Number= to Implementation PCBLIB  ƒ510
Added Parameter Part Number= to Part U?
Added Parameter Part Number= to Implementation PCBLIB  ŒÕ“¿ “
Added Parameter Part Number= to Part U?
Added Parameter Part Number= to Part U?
Added Parameter Part Number= to Implementation PCBLIB  ŒÕ“¿ “
Added Parameter Part Number= to Part PWR?
Added Parameter Part Number= to Part DA?
Added Parameter Part Number= to Implementation PCBLIB  –≈Õ5¿
Added Parameter Part Number= to Part VT?
Added Parameter Part Number= to Part 
Added Parameter Part Number= to Part G?
Added Parameter Part Number= to Part G?
Added Parameter Part Number= to Part G?
Added Parameter Part Number= to Part G?
Added Parameter Part Number= to Part Z?
Added Parameter Part Number= to Part PWR?
Added Parameter Part Number= to Part G?
Added Parameter Part Number= to Part G?
Added Parameter Part Number= to Implementation PCBLIB ÃƒÃ5-œ1_ÃƒÃ5œ-1(Primary)
Added Parameter Part Number= to Part G?
Added Parameter Part Number= to Part G?
Added Parameter Part Number= to Part G?
Added Parameter Part Number= to Part G?
Added Parameter Part Number= to Part G?
Added Parameter Part Number= to Implementation PCBLIB Ãœ¬5_Ãœ¬5(Primary)
Added Parameter Part Number= to Part G?
Added Parameter Part Number= to Implementation PCBLIB Ãœ¬5_Ãœ¬5——(Primary)
Added Parameter Part Number= to Part G?
Added Parameter Part Number= to Implementation PCBLIB Ãœ¬15
Added Parameter Part Number= to Part G?
Added Parameter Part Number= to Part G?
Added Parameter Part Number= to Implementation PCBLIB Ãœ—60_Ãœ—60(Primary)
Added Parameter Part Number= to Part G?
Added Parameter Part Number= to Part U?
Added Parameter Part Number= to Part U?
Added Parameter Part Number= to Part X?
Added Parameter Part Number= to Part R?
Added Parameter Part Number= to Implementation PCBLIB –1-12-0,1
Added Parameter Part Number= to Implementation PCBLIB –1-12-0,5
Added Parameter Part Number= to Implementation PCBLIB –1-12-0,25
Added Parameter Part Number= to Implementation PCBLIB –1-12-0,33
Added Parameter Part Number= to Implementation PCBLIB –1-12-0,062
Added Parameter Part Number= to Implementation PCBLIB –1-12-0,75
Added Parameter Part Number= to Implementation PCBLIB –1-12-0,125
Added Parameter Part Number= to Implementation PCBLIB –1-12-1,0
Added Parameter Part Number= to Implementation PCBLIB –1-12-2,0
Added Parameter Part Number= to Part R?
Added Parameter Part Number= to Implementation PCBLIB –1-12-0,25
Added Parameter Part Number= to Implementation PCBLIB –1-12-0,062
Added Parameter Part Number= to Implementation PCBLIB –1-12-0,125
Added Parameter Part Number= to Part BQ?
Added Parameter Part Number= to Implementation PCBLIB – 386ÃÃ
Added Parameter Part Number= to Part K?
Added Parameter Part Number= to Implementation PCBLIB –›—80_–›—80(Primary)
Added Parameter Part Number= to Part R?
Added Parameter Part Number= to Part R?
Added Parameter Part Number= to Part G?
Added Parameter Part Number= to Implementation PCBLIB —Ãœ¬15
Added Parameter Part Number= to Part RR?
Added Parameter Part Number= to Implementation PCBLIB SP3-19A
Added Parameter Part Number= to Part RR?
Added Parameter Part Number= to Implementation PCBLIB —œ5-2¬¡
