Removed Parameter Manufacture:"Миландр" from Part DD?
Removed Parameter Manufacture:"Миландр" from Part DD?
Removed Parameter Manufacture:Analog Devices from Part DD?
Removed Parameter Manufacture:Analog Devices from Part DD?
Removed Parameter Manufacture:Analog Devices from Part DD?
Removed Parameter Manufacture:Analog Devices from Part DD?
Removed Parameter Manufacture:Analog Devices from Part DD?
Removed Parameter Manufacture:Analog Devices from Part A?
Removed Parameter Manufacture:Analog Devices from Part A?
Removed Parameter Manufacture:Arduino from Part A?
Removed Parameter Manufacture:Arduino from Part A?
Removed Parameter Manufacture:Atmel from Part DD?
Removed Parameter Manufacture: from Part XP?
Removed Parameter Manufacture: from Part DA?
Removed Parameter Manufacture:General Electric from Part DA?
Removed Parameter Manufacture:Holt from Part DD?
Removed Parameter Manufacture:Honeywell from Part DA?
Removed Parameter Manufacture:International Rectifier from Part DA?
Removed Parameter Manufacture:Kingbright from Part HL?
Removed Parameter Manufacture:LDM-SYSTEMS from Part A?
Removed Parameter Manufacture:Manufacture from Part VD?
Removed Parameter Manufacture:Manufacture from Part VD?
Removed Parameter Manufacture:Manufacture from Part VT?
Removed Parameter Manufacture:Manufacture from Part VT?
Removed Parameter Manufacture:Manufacture from Part VT?
Removed Parameter Manufacture:Manufacture from Part VT?
Removed Parameter Manufacture:Manufacture from Part VD?
Removed Parameter Manufacture:Manufacture from Part VT?
Removed Parameter Manufacture:Manufacture from Part VT?
Removed Parameter Manufacture:Manufacture from Part HL?
Removed Parameter Manufacture:Manufacture from Part DA?
Removed Parameter Manufacture:Manufacture from Part DA?
Removed Parameter Manufacture:Manufacture from Part DA?
Removed Parameter Manufacture:Manufacture from Part DA?
Removed Parameter Manufacture:Manufacture from Part DA?
Removed Parameter Manufacture:Manufacture from Part DA?
Removed Parameter Manufacture:Manufacture from Part DD?
Removed Parameter Manufacture:Manufacture from Part DD?
Removed Parameter Manufacture:Manufacture from Part DD?
Removed Parameter Manufacture:Manufacture from Part DA?
Removed Parameter Manufacture:Manufacture from Part U?
Removed Parameter Manufacture:Manufacture from Part DD?
Removed Parameter Manufacture:Manufacture from Part DD?
Removed Parameter Manufacture:Manufacture from Part DD?
Removed Parameter Manufacture:Manufacture from Part DD?
Removed Parameter Manufacture:Manufacture from Part DD?
Removed Parameter Manufacture:Manufacture from Part DD?
Removed Parameter Manufacture:Manufacture from Part DD?
Removed Parameter Manufacture:Manufacture from Part DD?
Removed Parameter Manufacture:Manufacture from Part DD?
Removed Parameter Manufacture:Manufacture from Part DD?
Removed Parameter Manufacture:Manufacture from Part DD?
Removed Parameter Manufacture:Manufacture from Part DD?
Removed Parameter Manufacture:Manufacture from Part G?
Removed Parameter Manufacture:Manufacture from Part G?
Removed Parameter Manufacture:Manufacture from Part DD?
Removed Parameter Manufacture:Manufacture from Part DD?
Removed Parameter Manufacture:Manufacture from Part DD?
Removed Parameter Manufacture:Manufacture from Part DD?
Removed Parameter Manufacture:Manufacture from Part DD?
Removed Parameter Manufacture:Manufacture from Part DD?
Removed Parameter Manufacture:Manufacture from Part DD?
Removed Parameter Manufacture:Manufacture from Part DD?
Removed Parameter Manufacture:Manufacture from Part DD?
Removed Parameter Manufacture:Manufacture from Part DD?
Removed Parameter Manufacture:Manufacture from Part A?
Removed Parameter Manufacture:Manufacture from Part DD?
Removed Parameter Manufacture:Manufacture from Part DD?
Removed Parameter Manufacture:Manufacture from Part DD?
Removed Parameter Manufacture:Manufacture from Part DD?
Removed Parameter Manufacture:Manufacture from Part DD?
Removed Parameter Manufacture:Manufacture from Part DD?
Removed Parameter Manufacture:Manufacture from Part DD?
Removed Parameter Manufacture:Manufacture from Part L?
Removed Parameter Manufacture:Manufacture from Part R?
Removed Parameter Manufacture:Manufacture from Part C?
Removed Parameter Manufacture:Manufacture from Part C?
Removed Parameter Manufacture:Manufacture from Part C?
Removed Parameter Manufacture:Manufacture from Part C?
Removed Parameter Manufacture:Manufacture from Part C?
Removed Parameter Manufacture:Manufacture from Part C?
Removed Parameter Manufacture:Manufacture from Part C?
Removed Parameter Manufacture:Manufacture from Part DD?
Removed Parameter Manufacture:Manufacture from Part DD?
Removed Parameter Manufacture:Manufacture from Part DD?
Removed Parameter Manufacture:Manufacture from Part DD?
Removed Parameter Manufacture:Manufacture from Part DD?
Removed Parameter Manufacture:Manufacture from Part F?
Removed Parameter Manufacture:Manufacture from Part DD?
Removed Parameter Manufacture:Manufacture from Part PWR?
Removed Parameter Manufacture:Manufacture from Part C?
Removed Parameter Manufacture:Manufacture from Part C?
Removed Parameter Manufacture:Manufacture from Part C?
Removed Parameter Manufacture:Manufacture from Part C?
Removed Parameter Manufacture:Manufacture from Part ZQ?
Removed Parameter Manufacture:Manufacture from Part DD?
Removed Parameter Manufacture:Manufacture from Part DA?
Removed Parameter Manufacture:Manufacture from Part DA?
Removed Parameter Manufacture:Manufacture from Part DD?
Removed Parameter Manufacture:Manufacture from Part U?
Removed Parameter Manufacture:Manufacture from Part ?
Removed Parameter Manufacture:Manufacture from Part C?
Removed Parameter Manufacture:Manufacture from Part HL?
Removed Parameter Manufacture:Manufacture from Part L?
Removed Parameter Manufacture:Manufacture from Part DD?
Removed Parameter Manufacture:Manufacture from Part DD?
Removed Parameter Manufacture:Manufacture from Part DD?
Removed Parameter Manufacture:Manufacture from Part L?
Removed Parameter Manufacture:Manufacture from Part DA?
Removed Parameter Manufacture:Manufacture from Part HL?
Removed Parameter Manufacture:Manufacture from Part L?
Removed Parameter Manufacture:Manufacture from Part DA?
Removed Parameter Manufacture:Manufacture from Part DA?
Removed Parameter Manufacture:Manufacture from Part ?
Removed Parameter Manufacture:Manufacture from Part G?
Removed Parameter Manufacture:Manufacture from Part DD?
Removed Parameter Manufacture:Manufacture from Part DD?
Removed Parameter Manufacture:Manufacture from Part DD?
Removed Parameter Manufacture:Manufacture from Part U?
Removed Parameter Manufacture:Manufacture from Part VT?
Removed Parameter Manufacture:Manufacture from Part VT?
Removed Parameter Manufacture:Manufacture from Part DA?
Removed Parameter Manufacture:Manufacture from Part VT?
Removed Parameter Manufacture:Manufacture from Part VT?
Removed Parameter Manufacture:Manufacture from Part DA?
Removed Parameter Manufacture:Manufacture from Part DA?
Removed Parameter Manufacture:Manufacture from Part PWR?
Removed Parameter Manufacture:Manufacture from Part PWR?
Removed Parameter Manufacture:Manufacture from Part PWR?
Removed Parameter Manufacture:Manufacture from Part PWR?
Removed Parameter Manufacture:Manufacture from Part U?
Removed Parameter Manufacture:Manufacture from Part PWR?
Removed Parameter Manufacture:Manufacture from Part PWR?
Removed Parameter Manufacture:Manufacture from Part PWR?
Removed Parameter Manufacture:Manufacture from Part PWR?
Removed Parameter Manufacture:Manufacture from Part PWR?
Removed Parameter Manufacture:Manufacture from Part PWR?
Removed Parameter Manufacture:Manufacture from Part PWR?
Removed Parameter Manufacture:Manufacture from Part PWR?
Removed Parameter Manufacture:Manufacture from Part PWR?
Removed Parameter Manufacture:Manufacture from Part PWR?
Removed Parameter Manufacture:Manufacture from Part PWR?
Removed Parameter Manufacture:Manufacture from Part PWR?
Removed Parameter Manufacture:Manufacture from Part R?
Removed Parameter Manufacture:Manufacture from Part R?
Removed Parameter Manufacture:Manufacture from Part RK?
Removed Parameter Manufacture:Manufacture from Part RK?
Removed Parameter Manufacture:Manufacture from Part RR?
Removed Parameter Manufacture:Manufacture from Part RR?
Removed Parameter Manufacture:Manufacture from Part RU?
Removed Parameter Manufacture:Manufacture from Part SA?
Removed Parameter Manufacture:Manufacture from Part SA?
Removed Parameter Manufacture:Manufacture from Part SA?
Removed Parameter Manufacture:Manufacture from Part SA?
Removed Parameter Manufacture:Manufacture from Part SA?
Removed Parameter Manufacture:Manufacture from Part HA?
Removed Parameter Manufacture:Manufacture from Part VD?
Removed Parameter Manufacture:Manufacture from Part VD?
Removed Parameter Manufacture:Manufacture from Part VD?
Removed Parameter Manufacture:Manufacture from Part VD?
Removed Parameter Manufacture:Manufacture from Part HL?
Removed Parameter Manufacture:Manufacture from Part DA?
Removed Parameter Manufacture:Manufacture from Part A?
Removed Parameter Manufacture:Manufacture from Part M?
Removed Parameter Manufacture:Manufacture from Part C?
Removed Parameter Manufacture:Manufacture from Part C?
Removed Parameter Manufacture:Manufacture from Part C?
Removed Parameter Manufacture:Manufacture from Part C?
Removed Parameter Manufacture:Manufacture from Part C?
Removed Parameter Manufacture:Manufacture from Part C?
Removed Parameter Manufacture:Manufacture from Part C?
Removed Parameter Manufacture:Manufacture from Part C?
Removed Parameter Manufacture:Manufacture from Part C?
Removed Parameter Manufacture:Manufacture from Part C?
Removed Parameter Manufacture:Manufacture from Part C?
Removed Parameter Manufacture:Manufacture from Part C?
Removed Parameter Manufacture:Manufacture from Part C?
Removed Parameter Manufacture:Manufacture from Part C?
Removed Parameter Manufacture:Manufacture from Part C?
Removed Parameter Manufacture:Manufacture from Part C?
Removed Parameter Manufacture:Manufacture from Part C?
Removed Parameter Manufacture:Manufacture from Part C?
Removed Parameter Manufacture:Manufacture from Part C?
Removed Parameter Manufacture:Manufacture from Part C?
Removed Parameter Manufacture:Manufacture from Part C?
Removed Parameter Manufacture:Manufacture from Part C?
Removed Parameter Manufacture:Manufacture from Part DD?
Removed Parameter Manufacture:Manufacture from Part DA?
Removed Parameter Manufacture:Manufacture from Part VD?
Removed Parameter Manufacture:Manufacture from Part U?
Removed Parameter Manufacture:Manufacture from Part U?
Removed Parameter Manufacture:Manufacture from Part U?
Removed Parameter Manufacture:Manufacture from Part PWR?
Removed Parameter Manufacture:Manufacture from Part DA?
Removed Parameter Manufacture:Manufacture from Part VT?
Removed Parameter Manufacture:Manufacture from Part 
Removed Parameter Manufacture:Manufacture from Part G?
Removed Parameter Manufacture:Manufacture from Part G?
Removed Parameter Manufacture:Manufacture from Part G?
Removed Parameter Manufacture:Manufacture from Part G?
Removed Parameter Manufacture:Manufacture from Part Z?
Removed Parameter Manufacture:Manufacture from Part PWR?
Removed Parameter Manufacture:Manufacture from Part G?
Removed Parameter Manufacture:Manufacture from Part G?
Removed Parameter Manufacture:Manufacture from Part G?
Removed Parameter Manufacture:Manufacture from Part G?
Removed Parameter Manufacture:Manufacture from Part G?
Removed Parameter Manufacture:Manufacture from Part G?
Removed Parameter Manufacture:Manufacture from Part G?
Removed Parameter Manufacture:Manufacture from Part G?
Removed Parameter Manufacture:Manufacture from Part G?
Removed Parameter Manufacture:Manufacture from Part G?
Removed Parameter Manufacture:Manufacture from Part G?
Removed Parameter Manufacture:Manufacture from Part U?
Removed Parameter Manufacture:Manufacture from Part U?
Removed Parameter Manufacture:Manufacture from Part X?
Removed Parameter Manufacture:Manufacture from Part R?
Removed Parameter Manufacture:Manufacture from Part R?
Removed Parameter Manufacture:Manufacture from Part BQ?
Removed Parameter Manufacture:Manufacture from Part BQ?
Removed Parameter Manufacture:Manufacture from Part K?
Removed Parameter Manufacture:Manufacture from Part R?
Removed Parameter Manufacture:Manufacture from Part R?
Removed Parameter Manufacture:Manufacture from Part G?
Removed Parameter Manufacture:Manufacture from Part RR?
Removed Parameter Manufacture:Manufacture from Part RR?
Removed Parameter Manufacture:Maxim from Part DD?
Removed Parameter Manufacture:Murata from Part C?
Removed Parameter Manufacture:Murata from Part C?
Removed Parameter Manufacture:Murata from Part C?
Removed Parameter Manufacture:Murata from Part C?
Removed Parameter Manufacture:Murata from Part C?
Removed Parameter Manufacture:Panasonic from Part R?
Removed Parameter Manufacture:Panasonic from Part R?
Removed Parameter Manufacture:Panasonic from Part R?
Removed Parameter Manufacture:Panasonic from Part R?
Removed Parameter Manufacture:Panasonic from Part R?
Removed Parameter Manufacture:Panasonic from Part R?
Removed Parameter Manufacture:Panasonic from Part R?
Removed Parameter Manufacture:Panasonic from Part R?
Removed Parameter Manufacture:Panasonic from Part R?
Removed Parameter Manufacture:Panasonic from Part R?
Removed Parameter Manufacture:Panasonic from Part R?
Removed Parameter Manufacture:Panasonic from Part R?
Removed Parameter Manufacture:Panasonic from Part R?
Removed Parameter Manufacture:Premier Magnetics from Part T?
Removed Parameter Manufacture:STMicroelectronics from Part DD?
Removed Parameter Manufacture:Texas Instruments from Part A?
Removed Parameter Manufacture:Traco Power from Part G?
Removed Parameter Manufacture:Traco Power from Part G?
Removed Parameter Manufacture:Traco Power from Part G?
Removed Parameter Manufacture:Александер Электрик from Part G?
Removed Parameter Manufacture:ЗАО "ОКБ МЭЛ" from Part DA?
Removed Parameter Manufacture:МИИЭТ from Part BP?
Removed Parameter Manufacture:Миландр from Part DD?
Removed Parameter Manufacture:Миландр from Part DD?
Removed Parameter Manufacture:ОАО "Протон" from Part DA?
Removed Parameter Manufacture:Протон from Part DA?
Removed Parameter Manufacture:Протон from Part DA?
Removed Parameter Manufacture:Протон from Part DA?
Removed Parameter Manufacture:ЭлТом from Part DA?
Change Value of Parameter Manufacturer in Part DD? Old= New=STMicroelectronics
Change Value of Parameter Manufacturer in Part DA? Old= New=Протон
Change Value of Parameter Manufacturer in Part DA? Old= New=Протон
Change Value of Parameter Manufacturer in Part DA? Old= New=ОАО "Протон"
Change Value of Parameter Manufacturer in Part DA? Old= New=ЗАО "ОКБ МЭЛ"
Change Value of Parameter Manufacturer in Part DA? Old= New=ЭлТом
Change Value of Parameter Manufacturer in Part DD? Old= New="Миландр"
Change Value of Parameter Manufacturer in Part DD? Old= New="Миландр"
Change Value of Parameter Manufacturer in Part DD? Old= New="Миландр"
Change Value of Parameter Manufacturer in Part DD? Old= New=Analog Devices
Change Value of Parameter Manufacturer in Implementation PCBLIB RM-10 Old= New=Analog Devices
Change Value of Parameter Manufacturer in Part DD? Old= New=Analog Devices
Change Value of Parameter Manufacturer in Implementation PCBLIB RT-6 Old= New=Analog Devices
Change Value of Parameter Manufacturer in Part DD? Old= New=Analog Devices
Change Value of Parameter Manufacturer in Implementation PCBLIB AD7794BRU Old= New=Analog Devices
Change Value of Parameter Manufacturer in Part DD? Old= New=Analog Devices
Change Value of Parameter Manufacturer in Implementation PCBLIB AD7794BRU Old= New=Analog Devices
Change Value of Parameter Manufacturer in Part DD? Old= New=Analog Devices
Change Value of Parameter Manufacturer in Implementation PCBLIB DIP16 Old= New=Analog Devices
Change Value of Parameter Manufacturer in Part DD? Old= New=Analog Devices
Change Value of Parameter Manufacturer in Part DD? Old= New=Analog Devices
Change Value of Parameter Manufacturer in Part DD? Old= New=Analog Devices
Change Value of Parameter Manufacturer in Part DD? Old= New=Analog Devices
Change Value of Parameter Manufacturer in Part DD? Old= New=Analog Devices
Change Value of Parameter Manufacturer in Implementation PCBLIB SOIC-RW16 Old= New=Analog Devices
Change Value of Parameter Manufacturer in Part DD? Old= New=Analog Devices
Change Value of Parameter Manufacturer in Part DD? Old= New=Analog Devices
Change Value of Parameter Manufacturer in Part DD? Old= New=Analog Devices
Change Value of Parameter Manufacturer in Implementation PCBLIB SOIC-RW16 Old= New=Analog Devices
Change Value of Parameter Manufacturer in Part DD? Old= New=Analog Devices
Change Value of Parameter Manufacturer in Implementation PCBLIB SOIC-RW16 Old= New=Analog Devices
Change Value of Parameter Manufacturer in Part A? Old= New=Arduino
Change Value of Parameter Manufacturer in Part A? Old= New=Arduino
Change Value of Parameter Manufacturer in Part DD? Old= New=Atmel
Change Value of Parameter Manufacturer in Part A? Old= New=Texas Instruments
Change Value of Parameter Manufacturer in Part R? Old= New=Panasonic
Change Value of Parameter Manufacturer in Part R? Old= New=Panasonic
Change Value of Parameter Manufacturer in Part R? Old= New=Panasonic
Change Value of Parameter Manufacturer in Part R? Old= New=Panasonic
Change Value of Parameter Manufacturer in Part R? Old= New=Panasonic
Change Value of Parameter Manufacturer in Part R? Old= New=Panasonic
Change Value of Parameter Manufacturer in Part R? Old= New=Panasonic
Change Value of Parameter Manufacturer in Part R? Old= New=Panasonic
Change Value of Parameter Manufacturer in Part R? Old= New=Panasonic
Change Value of Parameter Manufacturer in Part R? Old= New=Panasonic
Change Value of Parameter Manufacturer in Part R? Old= New=Panasonic
Change Value of Parameter Manufacturer in Part R? Old= New=Panasonic
Change Value of Parameter Manufacturer in Part R? Old= New=Panasonic
Change Value of Parameter Manufacturer in Part A? Old= New=Analog Devices
Change Value of Parameter Manufacturer in Part A? Old= New=Analog Devices
Change Value of Parameter Manufacturer in Part C? Old= New=Murata
Change Value of Parameter Manufacturer in Implementation PCBLIB C0805 Old= New=Murata
Change Value of Parameter Manufacturer in Part C? Old= New=Murata
Change Value of Parameter Manufacturer in Implementation PCBLIB C0805 Old= New=Murata
Change Value of Parameter Manufacturer in Part C? Old= New=Murata
Change Value of Parameter Manufacturer in Implementation PCBLIB C0805 Old= New=Murata
Change Value of Parameter Manufacturer in Part C? Old= New=Murata
Change Value of Parameter Manufacturer in Implementation PCBLIB C0805 Old= New=Murata
Change Value of Parameter Manufacturer in Part C? Old= New=Murata
Change Value of Parameter Manufacturer in Implementation PCBLIB C0805 Old= New=Murata
Change Value of Parameter Manufacturer in Part C? Old= New=Murata
Change Value of Parameter Manufacturer in Implementation PCBLIB C0805 Old= New=Murata
Change Value of Parameter Manufacturer in Part C? Old= New=Murata
Change Value of Parameter Manufacturer in Implementation PCBLIB C0805 Old= New=Murata
Change Value of Parameter Manufacturer in Part C? Old= New=Murata
Change Value of Parameter Manufacturer in Implementation PCBLIB C0805 Old= New=Murata
Change Value of Parameter Manufacturer in Part DD? Old= New=Holt
Change Value of Parameter Manufacturer in Part DA? Old= New=Honeywell
Change Value of Parameter Manufacturer in Part HL? Old= New=Kingbright
Change Value of Parameter Manufacturer in Part A? Old= New=LDM-SYSTEMS
Change Value of Parameter Manufacturer in Part DD? Old= New=Maxim
Change Value of Parameter Manufacturer in Part C? Old= New=Murata
Change Value of Parameter Manufacturer in Part DA? Old= New=General Electric
Change Value of Parameter Manufacturer in Part T? Old= New=Premier Magnetics
Change Value of Parameter Manufacturer in Part DA? Old= New=Протон
Change Value of Parameter Manufacturer in Part DA? Old= New=International Rectifier
Change Value of Parameter Manufacturer in Part G? Old= New=Traco Power
Change Value of Parameter Manufacturer in Part G? Old= New=Traco Power
Change Value of Parameter Manufacturer in Part G? Old= New=Traco Power
Change Value of Parameter Manufacturer in Part G? Old= New=Александер Электрик
Change Value of Parameter Manufacturer in Part BP? Old= New=МИИЭТ
