Removed Pin From Net: NetName=GND Pin=SA1-1
Removed Pin From Net: NetName=GND Pin=SA1-2
Removed Pin From Net: NetName=NetC9_2 Pin=SA1-3
Removed Pin From Net: NetName=NetC9_2 Pin=SA1-4
Removed Pin From Net: NetName=NetC12_1 Pin=SA3-1
Removed Pin From Net: NetName=NetC12_1 Pin=SA3-2
Removed Pin From Net: NetName=GND Pin=SA3-3
Removed Pin From Net: NetName=GND Pin=SA3-4
Removed Member From Class: ClassName=—хема Member=SA3
Change Component Designator: OldDesignator=C9 NewDesignator=C11
Change Component Designator: OldDesignator=C10 NewDesignator=C9
Change Component Designator: OldDesignator=C11 NewDesignator=C10
Added Component: Designator=SA1(IT-1102S)
Add component (AddParameter): Name = "FullName"; Value = ""; VariantName = "[No Variations]"
Add component (AddParameter): Name = "Group"; Value = " нопки"; VariantName = "[No Variations]"
Add component (AddParameter): Name = "Manufacturer"; Value = ""; VariantName = "[No Variations]"
Add component (AddParameter): Name = "Part Number"; Value = "KLS7-TS6604-4.3-180 (IT-1102S),  нопка тактова€ 6х6х4.3мм SMD"; VariantName = "[No Variations]"
Add component (AddParameter): Name = "TU"; Value = "TU"; VariantName = "[No Variations]"
Add component (AddParameter): Name = "Type"; Value = "Type"; VariantName = "[No Variations]"
Added Pin To Net: NetName=GND Pin=SA1-3
Added Pin To Net: NetName=GND Pin=SA1-4
Change Net Name : Old Net Name=NetC9_2 New Net Name=NetC11_2
Added Pin To Net: NetName=NetDD3_16 Pin=DD3-16
Added Pin To Net: NetName=NetDD3_16 Pin=SA1-1
Added Pin To Net: NetName=NetDD3_16 Pin=SA1-2
Added Net: Name=NetDD3_16
Added Member To Class: ClassName=—хема Member=Component XP2 DC-005
