Removed Pin From Net: NetName=GND Pin=HL1-2
Removed Pin From Net: NetName=GND Pin=HL2-2
Removed Pin From Net: NetName=NetDD3_37 Pin=R14-2
Removed Member From Class: ClassName=—хема Member=HL2
Change Component Footprint: Designator=HL1 Old Footprint=LED3mm_V_GREEN New Footprint=LED3mm3pinCommonCatode
Change Component Comment : Designator=HL1 Old Comment=LED3mm_V New Comment=LED3mm3pinCommonCatode
Change Component Designator: OldDesignator=R10 NewDesignator=R11
Change Component Designator: OldDesignator=R11 NewDesignator=R10
Change component parameters: Designator = "HL1" ("HL1"); Footprint = "LED3mm_V_GREEN"; UniqueID = "\TVYGUONP" ("\TVYGUONP")
Change component parameters (AddParameter): Name = "FullName"; Value = ""; VariantName = "[No Variations]"
Change component parameters (AddParameter): Name = "Group"; Value = "»ндикаторы единичные"; VariantName = "[No Variations]"
Change component parameters (AddParameter): Name = "Manufacturer"; Value = ""; VariantName = "[No Variations]"
Change component parameters (AddParameter): Name = "Part Number"; Value = "—ветодиод 3мм двухцветный с общим катодом"; VariantName = "[No Variations]"
Change component parameters (AddParameter): Name = "TU"; Value = "TU"; VariantName = "[No Variations]"
Change component parameters (AddParameter): Name = "Type"; Value = "Type"; VariantName = "[No Variations]"
Added Pin To Net: NetName=GND Pin=HL1-3
Added Pin To Net: NetName=NetDD3_37 Pin=R14-1
Added Pin To Net: NetName=NetHL1_2 Pin=HL1-2
Added Pin To Net: NetName=NetHL1_2 Pin=R14-2
Added Net: Name=NetHL1_2
Added Member To Class: ClassName=—хема Member=Component SA2 геркон 12мм
