Change Component Designator: OldDesignator=R15 NewDesignator=R16
Change Component Designator: OldDesignator=SA2 NewDesignator=SA3
Change component parameters: Designator = "R11" ("R11"); Footprint = "RESC1608X06N"; UniqueID = "\TNLYZNPZ" ("\TNLYZNPZ")
Change component parameters (AddParameter): Name = "FullName"; Value = ""; VariantName = "[No Variations]"
Change component parameters (AddParameter): Name = "Group"; Value = "Резисторы"; VariantName = "[No Variations]"
Change component parameters (AddParameter): Name = "Part Number"; Value = "Резистор 0.1Вт 0603 200 Ом, 5%"; VariantName = "[No Variations]"
Change component parameters (AddParameter): Name = "Power"; Value = ""; VariantName = "[No Variations]"
Change component parameters (AddParameter): Name = "Precision"; Value = ""; VariantName = "[No Variations]"
Change component parameters (AddParameter): Name = "TU"; Value = "TU"; VariantName = "[No Variations]"
Change component parameters (AddParameter): Name = "Type"; Value = "Type"; VariantName = "[No Variations]"
Change component parameters (AddParameter): Name = "Value"; Value = "200"; VariantName = "[No Variations]"
Added Component: Designator=HL2(LED 0805)
Add component (AddParameter): Name = "FullName"; Value = ""; VariantName = "[No Variations]"
Add component (AddParameter): Name = "Group"; Value = "Индикаторы единичные"; VariantName = "[No Variations]"
Add component (AddParameter): Name = "Manufacturer"; Value = ""; VariantName = "[No Variations]"
Add component (AddParameter): Name = "Part Number"; Value = "Светодиод 0805RHC (0805HD) 0805 красн 65мкд 130°"; VariantName = "[No Variations]"
Add component (AddParameter): Name = "TU"; Value = "TU"; VariantName = "[No Variations]"
Add component (AddParameter): Name = "Type"; Value = "Type"; VariantName = "[No Variations]"
Added Component: Designator=R15(RESC1608X06N)
Add component (AddParameter): Name = "FullName"; Value = ""; VariantName = "[No Variations]"
Add component (AddParameter): Name = "Group"; Value = "Резисторы"; VariantName = "[No Variations]"
Add component (AddParameter): Name = "Part Number"; Value = "Резистор 0.1Вт 0603 200 Ом, 5%"; VariantName = "[No Variations]"
Add component (AddParameter): Name = "Power"; Value = ""; VariantName = "[No Variations]"
Add component (AddParameter): Name = "Precision"; Value = ""; VariantName = "[No Variations]"
Add component (AddParameter): Name = "TU"; Value = "TU"; VariantName = "[No Variations]"
Add component (AddParameter): Name = "Type"; Value = "Type"; VariantName = "[No Variations]"
Add component (AddParameter): Name = "Value"; Value = "200"; VariantName = "[No Variations]"
Added Component: Designator=SA2(Геркон 20 мм)
Add component (AddParameter): Name = "FullName"; Value = ""; VariantName = "[No Variations]"
Add component (AddParameter): Name = "Group"; Value = "Изделия коммутационные"; VariantName = "[No Variations]"
Add component (AddParameter): Name = "Manufacturer"; Value = ""; VariantName = "[No Variations]"
Add component (AddParameter): Name = "Part Number"; Value = "Геркон 20 мм"; VariantName = "[No Variations]"
Add component (AddParameter): Name = "TU"; Value = "TU"; VariantName = "[No Variations]"
Add component (AddParameter): Name = "Type"; Value = "Type"; VariantName = "[No Variations]"
Added Pin To Net: NetName=GND Pin=HL2-2
Added Pin To Net: NetName=GND Pin=SA2-2
Added Pin To Net: NetName=NetDD3_36 Pin=DD3-36
Added Net: Name=NetDD3_36
Added Pin To Net: NetName=NetDD3_37 Pin=DD3-37
Added Pin To Net: NetName=NetDD3_37 Pin=R15-2
Added Net: Name=NetDD3_37
Added Pin To Net: NetName=NetHL2_1 Pin=HL2-1
Added Pin To Net: NetName=NetHL2_1 Pin=R15-1
Added Net: Name=NetHL2_1
Added Member To Class: ClassName=Схема Member=Component HL2 LED0805
Added Member To Class: ClassName=Схема Member=Component R16 R0603
Added Member To Class: ClassName=Схема Member=Component SA3 Кнопка
