Removed Parameter BaseDocComp: from Part XP?
Removed Parameter BaseDocComp: from Part XP?
Removed Parameter BaseDocComp: from Part XP?
Removed Parameter BaseDocComp: from Part XP?
Removed Parameter BaseDocComp: from Part XP?
Removed Parameter BaseDocComp: from Part XP?
Removed Parameter BaseDocComp:ÃÅÎ.364.241ÒÓ from Part XS?
Removed Parameter BaseDocComp:ÃÅÎ.364.241ÒÓ from Part XS?
Removed Parameter BaseDocComp:ÃÅÎ.364.241ÒÓ from Part XS?
Removed Parameter BaseDocComp:ÃÅÎ.364.241ÒÓ from Part XS?
Removed Parameter BaseDocComp:ÃÅÎ.364.241ÒÓ from Part XS?
Removed Parameter BaseDocComp:ÃÅÎ.364.241ÒÓ from Part XS?
Removed Parameter BaseDocComp:ÍÊÖÑ.434410.507 from Part XP?
Removed Parameter BaseDocComp:ÍÊÖÑ.434410.507 from Part XP?
Removed Parameter BaseDocComp:ÍÊÖÑ.434410.507ÒÓ from Part XP?
Removed Parameter BaseDocComp:ÍÊÖÑ.434410.507ÒÓ from Part XP?
Removed Parameter BaseDocComp:ÍÊÖÑ.434410.507ÒÓ from Part XP?
Removed Parameter BaseDocComp:ÍÊÖÑ.434410.507ÒÓ from Part XP?
Removed Parameter BaseDocComp:ÍÊÖÑ.434410.507ÒÓ from Part XP?
Removed Parameter BaseDocComp:ĞŞÌÊ.430420.017ÒÓ from Part XP?
Removed Parameter BaseDocComp:ĞŞÌÊ.430420.017ÒÓ from Part XS?
Removed Parameter BaseDocComp:ĞŞÌÊ.430420.017ÒÓ from Part XP?
Removed Parameter BaseDocComp:ĞŞÌÊ.430420.017ÒÓ from Part XS?
Removed Parameter BaseDocComp:ĞŞÌÊ.430420.017ÒÓ from Part XS?
Removed Parameter BaseDocComp:ĞŞÌÊ.430420.017ÒÓ from Part XP?
Removed Parameter BaseDocComp:ĞŞÌÊ.430420.017ÒÓ from Part XS?
Removed Parameter BaseDocComp:ĞŞÌÊ.430420.017ÒÓ from Part XP?
Removed Parameter BaseDocComp:ĞŞÌÊ.430420.017ÒÓ from Part XP?
Removed Parameter BaseDocComp:ĞŞÌÊ.430420.017ÒÓ from Part XS?
Removed Parameter BaseDocComp:ĞŞÌÊ.430420.017ÒÓ from Part XS?
Removed Parameter BaseDocComp:ĞŞÌÊ.430420.017ÒÓ from Part XP?
Removed Parameter BaseDocComp:ĞŞÌÊ.430420.017ÒÓ from Part XP?
Removed Parameter BaseDocComp:ĞŞÌÊ.430420.017ÒÓ from Part XS?
Removed Parameter BaseDocComp:ĞŞÌÊ.430420.017ÒÓ from Part XS?
Removed Parameter BaseDocComp:ĞŞÌÊ.430420.017ÒÓ from Part XP?
Removed Parameter BaseDocComp:ĞŞÌÊ.430420.017ÒÓ from Part XP?
Removed Parameter BaseDocComp:ĞŞÌÊ.430420.017ÒÓ from Part XS?
Removed Parameter BaseDocComp:ĞŞÌÊ.430420.017ÒÓ from Part XS?
Removed Parameter BaseDocComp:ĞŞÌÊ.430420.017ÒÓ from Part XP?
Removed Parameter BaseDocComp:ĞŞÌÊ.430420.017ÒÓ from Part XP?
Removed Parameter BaseDocComp:ĞŞÌÊ.430420.017ÒÓ from Part XS?
Removed Parameter BaseDocComp:ĞŞÌÊ.430420.017ÒÓ from Part XS?
Removed Parameter BaseDocComp:ĞŞÌÊ.430420.017ÒÓ from Part XP?
Removed Parameter BaseDocComp:ĞŞÌÊ.430420.017ÒÓ from Part XP?
Removed Parameter BaseDocComp:ĞŞÌÊ.430420.017ÒÓ from Part XS?
Removed Parameter BaseDocComp:ĞŞÌÊ.430420.017ÒÓ from Part XS?
Removed Parameter BaseDocComp:ĞŞÌÊ.430420.017ÒÓ from Part XP?
Removed Parameter BaseDocComp:ĞŞÌÊ.430420.017ÒÓ from Part XP?
Removed Parameter BaseDocComp:ĞŞÌÊ.430420.017ÒÓ from Part XS?
Removed Parameter BaseDocComp:ĞŞÌÊ.430420.017ÒÓ from Part XS?
Removed Parameter BaseDocComp:ĞŞÌÊ.430420.017ÒÓ from Part XP?
Removed Parameter BaseDocComp:ĞŞÌÊ.430420.017ÒÓ from Part XP?
Removed Parameter BaseDocComp:ĞŞÌÊ.430420.017ÒÓ from Part XS?
Removed Parameter BaseDocComp:ĞŞÌÊ.430420.017ÒÓ from Part XS?
Removed Parameter BaseDocComp:ĞŞÌÊ.430420.017ÒÓ from Part XP?
Removed Parameter BaseDocComp:ĞŞÌÊ.430420.017ÒÓ from Part XP?
Removed Parameter BaseDocComp:ĞŞÌÊ.430420.017ÒÓ from Part XS?
Removed Parameter BaseDocComp:ĞŞÌÊ.430420.017ÒÓ from Part XS?
Removed Parameter BaseDocComp:ĞŞÌÊ.430420.017ÒÓ from Part XP?
Removed Parameter BaseDocComp:ĞŞÌÊ.430420.017ÒÓ from Part XS?
Removed Parameter BaseDocComp:ĞŞÌÊ.430420.017ÒÓ from Part XS?
Removed Parameter BaseDocComp:áĞ0.364.038ÒÓ from Part XP?
Removed Parameter BaseDocComp:áĞ0.364.038ÒÓ from Part XP?
Removed Parameter BaseDocComp:áĞ0.364.038ÒÓ from Part XP?
Removed Parameter BaseDocComp:áĞ0.364.038ÒÓ from Part XP?
Removed Parameter BaseDocComp:áĞ0.364.038ÒÓ from Part XP?
Removed Parameter BaseDocComp:áĞ0.364.038ÒÓ from Part XP?
Removed Parameter Cont:Êîíò from Part XP?
Removed Parameter Cont:Êîíò from Part XP?
Removed Parameter Cont:Êîíò from Part XP?
Removed Parameter Cont:Êîíò from Part XP?
Removed Parameter Cont:Êîíò from Part XP?
Removed Parameter Cont:Êîíò from Part XP?
Removed Parameter Cont:Êîíò from Part XP?
Removed Parameter Cont:Êîíò from Part XP?
Removed Parameter Cont:Êîíò from Part XP?
Removed Parameter Cont:Êîíò from Part XP?
Removed Parameter Cont:Êîíò from Part XP?
Removed Parameter Cont:Êîíò from Part XP?
Removed Parameter Cont:Êîíò from Part XP?
Removed Parameter Cont:Êîíò from Part XP?
Removed Parameter Cont:Êîíò from Part XP?
Removed Parameter Cont:Êîíò from Part XP?
Removed Parameter Cont:Êîíò from Part XP?
Removed Parameter Cont:Êîíò from Part XP?
Removed Parameter Cont:Êîíò from Part XP?
Removed Parameter Cont:Êîíò from Part XP?
Removed Parameter Cont:Êîíò from Part XP?
Removed Parameter Cont:Êîíò from Part XP?
Removed Parameter Cont:Êîíò from Part XP?
Removed Parameter Cont:Êîíò from Part XP?
Removed Parameter Cont:Êîíò from Part XP?
Removed Parameter Cont:Êîíò from Part XP?
Removed Parameter Cont:Êîíò from Part XP?
Removed Parameter Cont:Êîíò from Part XP?
Removed Parameter Cont:Êîíò from Part XP?
Removed Parameter Cont:Êîíò from Part XP?
Removed Parameter Cont:Êîíò from Part XP?
Removed Parameter Cont:Êîíò from Part XP?
Removed Parameter Cont:Êîíò from Part XP?
Removed Parameter Cont:Êîíò from Part XP?
Removed Parameter Cont:Êîíò from Part XP?
Removed Parameter Cont:Êîíò from Part U?
Removed Parameter Cont:Êîíò from Part U?
Removed Parameter Cont:Êîíò from Part U?
Removed Parameter Cont:Êîíò from Part U?
Removed Parameter Cont:Êîíò from Part U?
Removed Parameter Cont:Êîíò from Part U?
Removed Parameter Cont:Êîíò from Part U?
Removed Parameter Cont:Êîíò from Part U?
Removed Parameter Cont:Êîíò from Part U?
Removed Parameter Cont:Êîíò from Part U?
Removed Parameter Cont:Êîíò from Part S?
Removed Parameter Cont:Êîíò from Part U?
Removed Parameter Cont:Êîíò from Part XW?
Removed Parameter Cont:Êîíò from Part SW?
Removed Parameter Cont:Êîíò from Part ?
Removed Parameter Cont:Êîíò from Part XP?
Removed Parameter Cont:Êîíò from Part XP?
Removed Parameter Cont:Êîíò from Part XP?
Removed Parameter Cont:Êîíò from Part XP?
Removed Parameter Cont:Êîíò from Part XP?
Removed Parameter Cont:Êîíò from Part XP?
Removed Parameter Cont:Êîíò from Part XP?
Removed Parameter Cont:Êîíò from Part XP?
Removed Parameter Cont:Êîíò from Part XP?
Removed Parameter Cont:Êîíò from Part XP?
Removed Parameter Cont:Êîíò from Part XP?
Removed Parameter Cont:Êîíò from Part XP?
Removed Parameter Cont:Êîíò from Part XP?
Removed Parameter Cont:Êîíò from Part XP?
Removed Parameter Cont:Êîíò from Part XP?
Removed Parameter Cont:Êîíò from Part XP?
Removed Parameter FullName: from Part XP?
Removed Parameter FullName: from Part XP?
Removed Parameter FullName: from Part XP?
Removed Parameter FullName: from Part XP?
Removed Parameter FullName: from Part XP?
Removed Parameter FullName: from Part XP?
Removed Parameter FullName: from Part XP?
Removed Parameter FullName: from Part XP?
Removed Parameter FullName: from Part XP?
Removed Parameter FullName: from Part XP?
Removed Parameter FullName: from Part XP?
Removed Parameter FullName: from Part XP?
Removed Parameter FullName: from Part XP?
Removed Parameter FullName: from Part XP?
Removed Parameter FullName: from Part XP?
Removed Parameter FullName: from Part XP?
Removed Parameter FullName: from Part XP?
Removed Parameter FullName: from Part XP?
Removed Parameter FullName: from Part XP?
Removed Parameter FullName: from Part XP?
Removed Parameter FullName: from Part XP?
Removed Parameter FullName: from Part XP?
Removed Parameter FullName: from Part XP?
Removed Parameter FullName: from Part XP?
Removed Parameter FullName: from Part XP?
Removed Parameter FullName: from Part XP?
Removed Parameter FullName: from Part XP?
Removed Parameter FullName: from Part XP?
Removed Parameter FullName: from Part XP?
Removed Parameter FullName: from Part XP?
Removed Parameter FullName: from Part XP?
Removed Parameter FullName: from Part XP?
Removed Parameter FullName: from Part XP?
Removed Parameter FullName: from Part XP?
Removed Parameter FullName: from Part XP?
Removed Parameter FullName: from Part U?
Removed Parameter FullName: from Part U?
Removed Parameter FullName: from Part U?
Removed Parameter FullName: from Part U?
Removed Parameter FullName: from Part 
Removed Parameter FullName: from Part U?
Removed Parameter FullName: from Part U?
Removed Parameter FullName: from Part U?
Removed Parameter FullName: from Part U?
Removed Parameter FullName: from Part U?
Removed Parameter FullName: from Part U?
Removed Parameter FullName: from Part S?
Removed Parameter FullName: from Part U?
Removed Parameter FullName: from Part XW?
Removed Parameter FullName: from Part SW?
Removed Parameter FullName: from Part ?
Removed Parameter FullName: from Part XP?
Removed Parameter FullName: from Part XP?
Removed Parameter FullName: from Part XP?
Removed Parameter FullName: from Part XP?
Removed Parameter FullName: from Part XP?
Removed Parameter FullName: from Part XP?
Removed Parameter FullName: from Part XP?
Removed Parameter FullName: from Part XP?
Removed Parameter FullName: from Part XP?
Removed Parameter FullName: from Part XP?
Removed Parameter FullName: from Part XP?
Removed Parameter FullName: from Part XP?
Removed Parameter FullName: from Part XP?
Removed Parameter FullName: from Part XP?
Removed Parameter FullName: from Part XP?
Removed Parameter FullName: from Part XP?
Removed Parameter Net:Öåïü from Part XP?
Removed Parameter Net:Öåïü from Part XP?
Removed Parameter Net:Öåïü from Part XP?
Removed Parameter Net:Öåïü from Part XP?
Removed Parameter Net:Öåïü from Part XP?
Removed Parameter Net:Öåïü from Part XP?
Removed Parameter Net:Öåïü from Part XP?
Removed Parameter Net:Öåïü from Part XP?
Removed Parameter Net:Öåïü from Part XP?
Removed Parameter Net:Öåïü from Part XP?
Removed Parameter Net:Öåïü from Part XP?
Removed Parameter Net:Öåïü from Part XP?
Removed Parameter Net:Öåïü from Part XP?
Removed Parameter Net:Öåïü from Part XP?
Removed Parameter Net:Öåïü from Part XP?
Removed Parameter Net:Öåïü from Part XP?
Removed Parameter Net:Öåïü from Part XP?
Removed Parameter Net:Öåïü from Part XP?
Removed Parameter Net:Öåïü from Part XP?
Removed Parameter Net:Öåïü from Part XP?
Removed Parameter Net:Öåïü from Part XP?
Removed Parameter Net:Öåïü from Part XP?
Removed Parameter Net:Öåïü from Part XP?
Removed Parameter Net:Öåïü from Part XP?
Removed Parameter Net:Öåïü from Part XP?
Removed Parameter Net:Öåïü from Part XP?
Removed Parameter Net:Öåïü from Part XP?
Removed Parameter Net:Öåïü from Part XP?
Removed Parameter Net:Öåïü from Part XP?
Removed Parameter Net:Öåïü from Part XP?
Removed Parameter Net:Öåïü from Part XP?
Removed Parameter Net:Öåïü from Part XP?
Removed Parameter Net:Öåïü from Part XP?
Removed Parameter Net:Öåïü from Part XP?
Removed Parameter Net:Öåïü from Part XP?
Removed Parameter Net:Öåïü from Part U?
Removed Parameter Net:Öåïü from Part U?
Removed Parameter Net:Öåïü from Part U?
Removed Parameter Net:Öåïü from Part U?
Removed Parameter Net:Öåïü from Part U?
Removed Parameter Net:Öåïü from Part U?
Removed Parameter Net:Öåïü from Part U?
Removed Parameter Net:Öåïü from Part U?
Removed Parameter Net:Öåïü from Part U?
Removed Parameter Net:Öåïü from Part U?
Removed Parameter Net:Öåïü from Part S?
Removed Parameter Net:Öåïü from Part U?
Removed Parameter Net:Öåïü from Part XW?
Removed Parameter Net:Öåïü from Part SW?
Removed Parameter Net:Öåïü from Part ?
Removed Parameter Net:Öåïü from Part XP?
Removed Parameter Net:Öåïü from Part XP?
Removed Parameter Net:Öåïü from Part XP?
Removed Parameter Net:Öåïü from Part XP?
Removed Parameter Net:Öåïü from Part XP?
Removed Parameter Net:Öåïü from Part XP?
Removed Parameter Net:Öåïü from Part XP?
Removed Parameter Net:Öåïü from Part XP?
Removed Parameter Net:Öåïü from Part XP?
Removed Parameter Net:Öåïü from Part XP?
Removed Parameter Net:Öåïü from Part XP?
Removed Parameter Net:Öåïü from Part XP?
Removed Parameter Net:Öåïü from Part XP?
Removed Parameter Net:Öåïü from Part XP?
Removed Parameter Net:Öåïü from Part XP?
Removed Parameter Net:Öåïü from Part XP?
Removed Parameter TU: from Part 
Removed Parameter TU:TU from Part XP?
Removed Parameter TU:TU from Part XP?
Removed Parameter TU:TU from Part XP?
Removed Parameter TU:TU from Part XP?
Removed Parameter TU:TU from Part XP?
Removed Parameter TU:TU from Part XP?
Removed Parameter TU:TU from Part XP?
Removed Parameter TU:TU from Part XP?
Removed Parameter TU:TU from Part XP?
Removed Parameter TU:TU from Part XP?
Removed Parameter TU:TU from Part XP?
Removed Parameter TU:TU from Part XP?
Removed Parameter TU:TU from Part XP?
Removed Parameter TU:TU from Part XP?
Removed Parameter TU:TU from Part XP?
Removed Parameter TU:TU from Part XP?
Removed Parameter TU:TU from Part XP?
Removed Parameter TU:TU from Part XP?
Removed Parameter TU:TU from Part XP?
Removed Parameter TU:TU from Part XP?
Removed Parameter TU:TU from Part XP?
Removed Parameter TU:TU from Part XP?
Removed Parameter TU:TU from Part XP?
Removed Parameter TU:TU from Part XP?
Removed Parameter TU:TU from Part XP?
Removed Parameter TU:TU from Part XP?
Removed Parameter TU:TU from Part XP?
Removed Parameter TU:TU from Part XP?
Removed Parameter TU:TU from Part XP?
Removed Parameter TU:TU from Part XP?
Removed Parameter TU:TU from Part XP?
Removed Parameter TU:TU from Part XP?
Removed Parameter TU:TU from Part XP?
Removed Parameter TU:TU from Part XP?
Removed Parameter TU:TU from Part XP?
Removed Parameter TU:TU from Part U?
Removed Parameter TU:TU from Part U?
Removed Parameter TU:TU from Part U?
Removed Parameter TU:TU from Part U?
Removed Parameter TU:TU from Part U?
Removed Parameter TU:TU from Part U?
Removed Parameter TU:TU from Part U?
Removed Parameter TU:TU from Part U?
Removed Parameter TU:TU from Part U?
Removed Parameter TU:TU from Part U?
Removed Parameter TU:TU from Part S?
Removed Parameter TU:TU from Part U?
Removed Parameter TU:TU from Part XW?
Removed Parameter TU:TU from Part SW?
Removed Parameter TU:TU from Part ?
Removed Parameter TU:TU from Part XP?
Removed Parameter TU:TU from Part XP?
Removed Parameter TU:TU from Part XP?
Removed Parameter TU:TU from Part XP?
Removed Parameter TU:TU from Part XP?
Removed Parameter TU:TU from Part XP?
Removed Parameter TU:TU from Part XP?
Removed Parameter TU:TU from Part XP?
Removed Parameter TU:TU from Part XP?
Removed Parameter TU:TU from Part XP?
Removed Parameter TU:TU from Part XP?
Removed Parameter TU:TU from Part XP?
Removed Parameter TU:TU from Part XP?
Removed Parameter TU:TU from Part XP?
Removed Parameter TU:TU from Part XP?
Removed Parameter TU:TU from Part XP?
