Added Parameter Part Number= to Part XP?
Added Parameter Part Number= to Part XP?
Added Parameter Part Number= to Part XP?
Added Parameter Part Number= to Part XP?
Added Parameter Part Number= to Implementation PCBLIB 5EHDVM-02
Added Parameter Part Number= to Implementation PCBLIB 5EHDVM-03
Added Parameter Part Number= to Implementation PCBLIB 5EHDVM-04
Added Parameter Part Number= to Implementation PCBLIB 5EHDVM-08
Added Parameter Part Number= to Implementation PCBLIB BH16
Added Parameter Part Number= to Part XP?
Added Parameter Part Number= to Implementation PCBLIB BH6
Added Parameter Part Number= to Part XP?
Added Parameter Part Number= to Implementation PCBLIB BH10
Added Parameter Part Number= to Part XP?
Added Parameter Part Number= to Implementation PCBLIB BH14
Added Parameter Part Number= to Part XP?
Added Parameter Part Number= to Implementation PCBLIB BH16
Added Parameter Part Number= to Part XP?
Added Parameter Part Number= to Implementation PCBLIB BH20
Added Parameter Part Number= to Part XP?
Added Parameter Part Number= to Part XP?
Added Parameter Part Number= to Part XP?
Added Parameter Part Number= to Part XP?
Added Parameter Part Number= to Implementation PCBLIB CWF2
Added Parameter Part Number= to Part XP?
Added Parameter Part Number= to Implementation PCBLIB CWF3
Added Parameter Part Number= to Part XP?
Added Parameter Part Number= to Implementation PCBLIB CWF4
Added Parameter Part Number= to Part XP?
Added Parameter Part Number= to Implementation PCBLIB CWF6
Added Parameter Part Number= to Part XP?
Added Parameter Part Number= to Implementation PCBLIB CWF8
Added Parameter Part Number= to Part XP?
Added Parameter Part Number= to Implementation PCBLIB CWF10
Added Parameter Part Number= to Part XP?
Added Parameter Part Number= to Implementation PCBLIB CWF16
Added Parameter Part Number= to Part XP?
Added Parameter Part Number= to Part XP?
Added Parameter Part Number= to Implementation PCBLIB ISP6
Added Parameter Part Number= to Part XP?
Added Parameter Part Number= to Implementation PCBLIB PLS2
Added Parameter Part Number= to Part XP?
Added Parameter Part Number= to Implementation PCBLIB PLS2
Added Parameter Part Number= to Part XP?
Added Parameter Part Number= to Implementation PCBLIB PLS4
Added Parameter Part Number= to Part XP?
Added Parameter Part Number= to Implementation PCBLIB PLS6
Added Parameter Part Number= to Part XP?
Added Parameter Part Number= to Part XP?
Added Parameter Part Number= to Implementation PCBLIB PLS12
Added Parameter Part Number= to Library 
Added Parameter Part Number= to Part XP?
Added Parameter Part Number= to Part XP?
Added Parameter Part Number= to Implementation PCBLIB WF3
Added Parameter Part Number= to Part XP?
Added Parameter Part Number= to Implementation PCBLIB WF4
Added Parameter Part Number= to Part XP?
Added Parameter Part Number= to Implementation PCBLIB WF6
Added Parameter Part Number= to Part XP?
Added Parameter Part Number= to Implementation PCBLIB WF8
Added Parameter Part Number= to Part XP?
Added Parameter Part Number= to Implementation PCBLIB WF10
Added Parameter Part Number= to Part XP?
Added Parameter Part Number= to Implementation PCBLIB WF12
Added Parameter Part Number= to Part XP?
Added Parameter Part Number= to Implementation PCBLIB WF16
Added Parameter Part Number= to Part U?
Added Parameter Part Number= to Part U?
Added Parameter Part Number= to Part U?
Added Parameter Part Number= to Part U?
Added Parameter Part Number= to Part 
Added Parameter Part Number= to Part U?
Added Parameter Part Number= to Part U?
Added Parameter Part Number= to Part U?
Added Parameter Part Number= to Part U?
Added Parameter Part Number= to Part U?
Added Parameter Part Number= to Implementation PCBLIB PAD12_25
Added Parameter Part Number= to Part U?
Added Parameter Part Number= to Part S?
Added Parameter Part Number= to Implementation PCBLIB дфюлоеп_оепелшвйю 2й(Primary)
Added Parameter Part Number= to Part U?
Added Parameter Part Number= to Part XW?
Added Parameter Part Number= to Part SW?
Added Parameter Part Number= to Part ?
Added Parameter Part Number= to Implementation PCBLIB пнгерйю опханпмюъ
Added Parameter Part Number= to Part XP?
Added Parameter Part Number= to Part XP?
Added Parameter Part Number= to Part XP?
Added Parameter Part Number= to Part XP?
Added Parameter Part Number= to Part XP?
Added Parameter Part Number= to Implementation PCBLIB ямо347-20бо21-б
Added Parameter Part Number= to Part XP?
Added Parameter Part Number= to Implementation PCBLIB ямо348-4бо22
Added Parameter Part Number= to Part XP?
Added Parameter Part Number= to Part XP?
Added Parameter Part Number= to Implementation PCBLIB ямо348-8бо21-1
Added Parameter Part Number= to Part XP?
Added Parameter Part Number= to Part XP?
Added Parameter Part Number= to Implementation PCBLIB ямо348-10бо21-1
Added Parameter Part Number= to Part XP?
Added Parameter Part Number= to Part XP?
Added Parameter Part Number= to Part XP?
